{"C:\\Users\\felip\\Desktop\\JS\\jest\\src\\fluentSQL.js": {"path":"C:\\Users\\felip\\Desktop\\JS\\jest\\src\\fluentSQL.js","all":false,"statementMap":{"0":{"start":{"line":1,"column":0},"end":{"line":1,"column":39}},"1":{"start":{"line":2,"column":0},"end":{"line":2,"column":15}},"2":{"start":{"line":3,"column":0},"end":{"line":3,"column":11}},"3":{"start":{"line":4,"column":0},"end":{"line":4,"column":13}},"4":{"start":{"line":5,"column":0},"end":{"line":5,"column":12}},"5":{"start":{"line":6,"column":0},"end":{"line":6,"column":14}},"6":{"start":{"line":7,"column":0},"end":{"line":7,"column":1}},"7":{"start":{"line":8,"column":0},"end":{"line":8,"column":24}},"8":{"start":{"line":9,"column":0},"end":{"line":9,"column":27}},"9":{"start":{"line":10,"column":0},"end":{"line":10,"column":2}},"10":{"start":{"line":11,"column":0},"end":{"line":11,"column":0}},"11":{"start":{"line":12,"column":0},"end":{"line":12,"column":23}},"12":{"start":{"line":13,"column":0},"end":{"line":13,"column":39}},"13":{"start":{"line":14,"column":0},"end":{"line":14,"column":2}},"14":{"start":{"line":15,"column":0},"end":{"line":15,"column":0}},"15":{"start":{"line":16,"column":0},"end":{"line":16,"column":13}},"16":{"start":{"line":17,"column":0},"end":{"line":17,"column":19}},"17":{"start":{"line":18,"column":0},"end":{"line":18,"column":13}},"18":{"start":{"line":19,"column":0},"end":{"line":19,"column":2}},"19":{"start":{"line":20,"column":0},"end":{"line":20,"column":1}},"20":{"start":{"line":21,"column":0},"end":{"line":21,"column":16}},"21":{"start":{"line":22,"column":0},"end":{"line":22,"column":22}},"22":{"start":{"line":23,"column":0},"end":{"line":23,"column":2}},"23":{"start":{"line":24,"column":0},"end":{"line":24,"column":13}},"24":{"start":{"line":25,"column":0},"end":{"line":25,"column":2}},"25":{"start":{"line":26,"column":0},"end":{"line":26,"column":0}},"26":{"start":{"line":27,"column":0},"end":{"line":27,"column":15}},"27":{"start":{"line":28,"column":0},"end":{"line":28,"column":55}},"28":{"start":{"line":29,"column":0},"end":{"line":29,"column":51}},"29":{"start":{"line":30,"column":0},"end":{"line":30,"column":18}},"30":{"start":{"line":31,"column":0},"end":{"line":31,"column":28}},"31":{"start":{"line":32,"column":0},"end":{"line":32,"column":0}},"32":{"start":{"line":33,"column":0},"end":{"line":33,"column":20}},"33":{"start":{"line":34,"column":0},"end":{"line":34,"column":8}},"34":{"start":{"line":35,"column":0},"end":{"line":35,"column":9}},"35":{"start":{"line":36,"column":0},"end":{"line":36,"column":4}},"36":{"start":{"line":37,"column":0},"end":{"line":37,"column":0}},"37":{"start":{"line":38,"column":0},"end":{"line":38,"column":13}},"38":{"start":{"line":39,"column":0},"end":{"line":39,"column":2}},"39":{"start":{"line":40,"column":0},"end":{"line":40,"column":0}},"40":{"start":{"line":41,"column":0},"end":{"line":41,"column":17}},"41":{"start":{"line":42,"column":0},"end":{"line":42,"column":23}},"42":{"start":{"line":43,"column":0},"end":{"line":43,"column":13}},"43":{"start":{"line":44,"column":0},"end":{"line":44,"column":2}},"44":{"start":{"line":45,"column":0},"end":{"line":45,"column":0}},"45":{"start":{"line":46,"column":0},"end":{"line":46,"column":25}},"46":{"start":{"line":47,"column":0},"end":{"line":47,"column":54}},"47":{"start":{"line":48,"column":0},"end":{"line":48,"column":2}},"48":{"start":{"line":49,"column":0},"end":{"line":49,"column":0}},"49":{"start":{"line":50,"column":0},"end":{"line":50,"column":22}},"50":{"start":{"line":51,"column":0},"end":{"line":51,"column":46}},"51":{"start":{"line":52,"column":0},"end":{"line":52,"column":44}},"52":{"start":{"line":53,"column":0},"end":{"line":53,"column":3}},"53":{"start":{"line":54,"column":0},"end":{"line":54,"column":0}},"54":{"start":{"line":55,"column":0},"end":{"line":55,"column":13}},"55":{"start":{"line":56,"column":0},"end":{"line":56,"column":2}},"56":{"start":{"line":57,"column":0},"end":{"line":57,"column":0}},"57":{"start":{"line":58,"column":0},"end":{"line":58,"column":23}},"58":{"start":{"line":59,"column":0},"end":{"line":59,"column":24}},"59":{"start":{"line":60,"column":0},"end":{"line":60,"column":0}},"60":{"start":{"line":61,"column":0},"end":{"line":61,"column":38}},"61":{"start":{"line":62,"column":0},"end":{"line":62,"column":0}},"62":{"start":{"line":63,"column":0},"end":{"line":63,"column":38}},"63":{"start":{"line":64,"column":0},"end":{"line":64,"column":66}},"64":{"start":{"line":65,"column":0},"end":{"line":65,"column":0}},"65":{"start":{"line":66,"column":0},"end":{"line":66,"column":27}},"66":{"start":{"line":67,"column":0},"end":{"line":67,"column":3}},"67":{"start":{"line":68,"column":0},"end":{"line":68,"column":0}},"68":{"start":{"line":69,"column":0},"end":{"line":69,"column":20}},"69":{"start":{"line":70,"column":0},"end":{"line":70,"column":2}},"70":{"start":{"line":71,"column":0},"end":{"line":71,"column":0}},"71":{"start":{"line":72,"column":0},"end":{"line":72,"column":27}},"72":{"start":{"line":73,"column":0},"end":{"line":73,"column":35}},"73":{"start":{"line":74,"column":0},"end":{"line":74,"column":0}},"74":{"start":{"line":75,"column":0},"end":{"line":75,"column":109}},"75":{"start":{"line":76,"column":0},"end":{"line":76,"column":2}},"76":{"start":{"line":77,"column":0},"end":{"line":77,"column":0}},"77":{"start":{"line":78,"column":0},"end":{"line":78,"column":10}},"78":{"start":{"line":79,"column":0},"end":{"line":79,"column":20}},"79":{"start":{"line":80,"column":0},"end":{"line":80,"column":0}},"80":{"start":{"line":81,"column":0},"end":{"line":81,"column":37}},"81":{"start":{"line":82,"column":0},"end":{"line":82,"column":41}},"82":{"start":{"line":83,"column":0},"end":{"line":83,"column":0}},"83":{"start":{"line":84,"column":0},"end":{"line":84,"column":47}},"84":{"start":{"line":85,"column":0},"end":{"line":85,"column":3}},"85":{"start":{"line":86,"column":0},"end":{"line":86,"column":27}},"86":{"start":{"line":87,"column":0},"end":{"line":87,"column":0}},"87":{"start":{"line":88,"column":0},"end":{"line":88,"column":40}},"88":{"start":{"line":89,"column":0},"end":{"line":89,"column":3}},"89":{"start":{"line":90,"column":0},"end":{"line":90,"column":0}},"90":{"start":{"line":91,"column":0},"end":{"line":91,"column":51}},"91":{"start":{"line":92,"column":0},"end":{"line":92,"column":0}},"92":{"start":{"line":93,"column":0},"end":{"line":93,"column":20}},"93":{"start":{"line":94,"column":0},"end":{"line":94,"column":2}},"94":{"start":{"line":95,"column":0},"end":{"line":95,"column":1}}},"s":{"0":1,"1":8,"2":8,"3":8,"4":1,"5":1,"6":7,"7":7,"8":1,"9":2,"10":2,"11":2,"12":1,"13":2,"14":2,"15":2,"16":2,"17":1,"18":2,"19":2,"20":2,"21":2,"22":2,"23":2,"24":2,"25":2,"26":2,"27":2,"28":2,"29":2,"30":2,"31":2,"32":1,"33":1,"34":1,"35":1,"36":1,"37":1,"38":1,"39":1,"40":1,"41":1,"42":1,"43":1,"44":1,"45":1,"46":15,"47":15,"48":15,"49":15,"50":1,"51":14,"52":14,"53":14,"54":14,"55":14,"56":14,"57":14,"58":14,"59":42,"60":42,"61":15,"62":42,"63":1,"64":6,"65":6,"66":6,"67":4,"68":6,"69":2,"70":2,"71":2,"72":3,"73":3,"74":1,"75":15,"76":15,"77":15,"78":15,"79":14,"80":14,"81":14,"82":14,"83":15,"84":6,"85":6,"86":6,"87":6,"88":6,"89":1,"90":1,"91":1,"92":1,"93":1,"94":1},"branchMap":{"0":{"type":"branch","line":1,"loc":{"start":{"line":1,"column":0},"end":{"line":1,"column":38}},"locations":[{"start":{"line":1,"column":0},"end":{"line":1,"column":38}}]},"1":{"type":"branch","line":1,"loc":{"start":{"line":1,"column":21},"end":{"line":5,"column":10}},"locations":[{"start":{"line":1,"column":21},"end":{"line":5,"column":10}}]},"2":{"type":"branch","line":6,"loc":{"start":{"line":6,"column":1},"end":{"line":9,"column":19}},"locations":[{"start":{"line":6,"column":1},"end":{"line":9,"column":19}}]},"3":{"type":"branch","line":9,"loc":{"start":{"line":9,"column":19},"end":{"line":13,"column":30}},"locations":[{"start":{"line":9,"column":19},"end":{"line":13,"column":30}}]},"4":{"type":"branch","line":13,"loc":{"start":{"line":13,"column":13},"end":{"line":17,"column":19}},"locations":[{"start":{"line":13,"column":13},"end":{"line":17,"column":19}}]},"5":{"type":"branch","line":18,"loc":{"start":{"line":18,"column":2},"end":{"line":31,"column":28}},"locations":[{"start":{"line":18,"column":2},"end":{"line":31,"column":28}}]},"6":{"type":"branch","line":28,"loc":{"start":{"line":28,"column":16},"end":{"line":28,"column":9}},"locations":[{"start":{"line":28,"column":16},"end":{"line":28,"column":9}}]},"7":{"type":"branch","line":28,"loc":{"start":{"line":28,"column":34},"end":{"line":29,"column":8}},"locations":[{"start":{"line":28,"column":34},"end":{"line":29,"column":8}}]},"8":{"type":"branch","line":31,"loc":{"start":{"line":31,"column":14},"end":{"line":33,"column":7}},"locations":[{"start":{"line":31,"column":14},"end":{"line":33,"column":7}}]},"9":{"type":"branch","line":42,"loc":{"start":{"line":42,"column":8},"end":{"line":43,"column":9}},"locations":[{"start":{"line":42,"column":8},"end":{"line":43,"column":9}}]},"10":{"type":"branch","line":46,"loc":{"start":{"line":46,"column":2},"end":{"line":51,"column":37}},"locations":[{"start":{"line":46,"column":2},"end":{"line":51,"column":37}}]},"11":{"type":"branch","line":51,"loc":{"start":{"line":51,"column":6},"end":{"line":51,"column":20}},"locations":[{"start":{"line":51,"column":6},"end":{"line":51,"column":20}}]},"12":{"type":"branch","line":51,"loc":{"start":{"line":51,"column":20},"end":{"line":51,"column":37}},"locations":[{"start":{"line":51,"column":20},"end":{"line":51,"column":37}}]},"13":{"type":"branch","line":51,"loc":{"start":{"line":51,"column":38},"end":{"line":64,"column":52}},"locations":[{"start":{"line":51,"column":38},"end":{"line":64,"column":52}}]},"14":{"type":"branch","line":59,"loc":{"start":{"line":59,"column":19},"end":{"line":64,"column":19}},"locations":[{"start":{"line":59,"column":19},"end":{"line":64,"column":19}}]},"15":{"type":"branch","line":61,"loc":{"start":{"line":61,"column":24},"end":{"line":63,"column":12}},"locations":[{"start":{"line":61,"column":24},"end":{"line":63,"column":12}}]},"16":{"type":"branch","line":63,"loc":{"start":{"line":63,"column":12},"end":{"line":63,"column":28}},"locations":[{"start":{"line":63,"column":12},"end":{"line":63,"column":28}}]},"17":{"type":"branch","line":63,"loc":{"start":{"line":63,"column":18},"end":{"line":64,"column":19}},"locations":[{"start":{"line":63,"column":18},"end":{"line":64,"column":19}}]},"18":{"type":"branch","line":64,"loc":{"start":{"line":64,"column":43},"end":{"line":75,"column":29}},"locations":[{"start":{"line":64,"column":43},"end":{"line":75,"column":29}}]},"19":{"type":"branch","line":68,"loc":{"start":{"line":68,"column":-2},"end":{"line":69,"column":9}},"locations":[{"start":{"line":68,"column":-2},"end":{"line":69,"column":9}}]},"20":{"type":"branch","line":69,"loc":{"start":{"line":69,"column":2},"end":{"line":75,"column":29}},"locations":[{"start":{"line":69,"column":2},"end":{"line":75,"column":29}}]},"21":{"type":"branch","line":72,"loc":{"start":{"line":72,"column":2},"end":{"line":75,"column":22}},"locations":[{"start":{"line":72,"column":2},"end":{"line":75,"column":22}}]},"22":{"type":"branch","line":75,"loc":{"start":{"line":75,"column":29},"end":{"line":89,"column":3}},"locations":[{"start":{"line":75,"column":29},"end":{"line":89,"column":3}}]},"23":{"type":"branch","line":75,"loc":{"start":{"line":75,"column":98},"end":{"line":84,"column":47}},"locations":[{"start":{"line":75,"column":98},"end":{"line":84,"column":47}}]},"24":{"type":"branch","line":79,"loc":{"start":{"line":79,"column":2},"end":{"line":84,"column":42}},"locations":[{"start":{"line":79,"column":2},"end":{"line":84,"column":42}}]},"25":{"type":"branch","line":84,"loc":{"start":{"line":84,"column":28},"end":{"line":84,"column":42}},"locations":[{"start":{"line":84,"column":28},"end":{"line":84,"column":42}}]}},"b":{"0":[8],"1":[8],"2":[7],"3":[2],"4":[2],"5":[2],"6":[1],"7":[1],"8":[2],"9":[3],"10":[15],"11":[1],"12":[14],"13":[14],"14":[42],"15":[15],"16":[8],"17":[34],"18":[6],"19":[4],"20":[2],"21":[3],"22":[6],"23":[15],"24":[14],"25":[2]},"fnMap":{"0":{"name":"<instance_members_initializer>","decl":{"start":{"line":1,"column":0},"end":{"line":1,"column":38}},"loc":{"start":{"line":1,"column":0},"end":{"line":1,"column":38}},"line":1},"1":{"name":"FluentSQLBuilder","decl":{"start":{"line":1,"column":21},"end":{"line":5,"column":10}},"loc":{"start":{"line":1,"column":21},"end":{"line":5,"column":10}},"line":1},"2":{"name":"for","decl":{"start":{"line":6,"column":1},"end":{"line":9,"column":19}},"loc":{"start":{"line":6,"column":1},"end":{"line":9,"column":19}},"line":6},"3":{"name":"limit","decl":{"start":{"line":9,"column":19},"end":{"line":13,"column":30}},"loc":{"start":{"line":9,"column":19},"end":{"line":13,"column":30}},"line":9},"4":{"name":"select","decl":{"start":{"line":13,"column":13},"end":{"line":17,"column":19}},"loc":{"start":{"line":13,"column":13},"end":{"line":17,"column":19}},"line":13},"5":{"name":"where","decl":{"start":{"line":18,"column":2},"end":{"line":31,"column":28}},"loc":{"start":{"line":18,"column":2},"end":{"line":31,"column":28}},"line":18},"6":{"name":"orderBy","decl":{"start":{"line":31,"column":14},"end":{"line":33,"column":7}},"loc":{"start":{"line":31,"column":14},"end":{"line":33,"column":7}},"line":31},"7":{"name":"#performWhere","decl":{"start":{"line":46,"column":2},"end":{"line":51,"column":37}},"loc":{"start":{"line":46,"column":2},"end":{"line":51,"column":37}},"line":46},"8":{"name":"#performSelect","decl":{"start":{"line":51,"column":38},"end":{"line":64,"column":52}},"loc":{"start":{"line":51,"column":38},"end":{"line":64,"column":52}},"line":51},"9":{"name":"#performOrderBy","decl":{"start":{"line":64,"column":43},"end":{"line":75,"column":29}},"loc":{"start":{"line":64,"column":43},"end":{"line":75,"column":29}},"line":64},"10":{"name":"build","decl":{"start":{"line":75,"column":29},"end":{"line":89,"column":3}},"loc":{"start":{"line":75,"column":29},"end":{"line":89,"column":3}},"line":75}},"f":{"0":8,"1":8,"2":7,"3":2,"4":2,"5":2,"6":2,"7":15,"8":14,"9":6,"10":6}}
}
