TN:
SF:src\fluentSQL.js
FN:1,<instance_members_initializer>
FN:1,FluentSQLBuilder
FN:6,for
FN:9,limit
FN:13,select
FN:18,where
FN:31,orderBy
FN:46,#performWhere
FN:51,#performSelect
FN:64,#performOrderBy
FN:75,build
FNF:11
FNH:11
FNDA:8,<instance_members_initializer>
FNDA:8,FluentSQLBuilder
FNDA:7,for
FNDA:2,limit
FNDA:2,select
FNDA:2,where
FNDA:2,orderBy
FNDA:15,#performWhere
FNDA:14,#performSelect
FNDA:6,#performOrderBy
FNDA:6,build
DA:1,1
DA:2,8
DA:3,8
DA:4,8
DA:5,1
DA:6,1
DA:7,7
DA:8,7
DA:9,1
DA:10,2
DA:11,2
DA:12,2
DA:13,1
DA:14,2
DA:15,2
DA:16,2
DA:17,2
DA:18,1
DA:19,2
DA:20,2
DA:21,2
DA:22,2
DA:23,2
DA:24,2
DA:25,2
DA:26,2
DA:27,2
DA:28,2
DA:29,2
DA:30,2
DA:31,2
DA:32,2
DA:33,1
DA:34,1
DA:35,1
DA:36,1
DA:37,1
DA:38,1
DA:39,1
DA:40,1
DA:41,1
DA:42,1
DA:43,1
DA:44,1
DA:45,1
DA:46,1
DA:47,15
DA:48,15
DA:49,15
DA:50,15
DA:51,1
DA:52,14
DA:53,14
DA:54,14
DA:55,14
DA:56,14
DA:57,14
DA:58,14
DA:59,14
DA:60,42
DA:61,42
DA:62,15
DA:63,42
DA:64,1
DA:65,6
DA:66,6
DA:67,6
DA:68,4
DA:69,6
DA:70,2
DA:71,2
DA:72,2
DA:73,3
DA:74,3
DA:75,1
DA:76,15
DA:77,15
DA:78,15
DA:79,15
DA:80,14
DA:81,14
DA:82,14
DA:83,14
DA:84,15
DA:85,6
DA:86,6
DA:87,6
DA:88,6
DA:89,6
DA:90,1
DA:91,1
DA:92,1
DA:93,1
DA:94,1
DA:95,1
LF:95
LH:95
BRDA:1,0,0,8
BRDA:1,1,0,8
BRDA:6,2,0,7
BRDA:9,3,0,2
BRDA:13,4,0,2
BRDA:18,5,0,2
BRDA:28,6,0,1
BRDA:28,7,0,1
BRDA:31,8,0,2
BRDA:42,9,0,3
BRDA:46,10,0,15
BRDA:51,11,0,1
BRDA:51,12,0,14
BRDA:51,13,0,14
BRDA:59,14,0,42
BRDA:61,15,0,15
BRDA:63,16,0,8
BRDA:63,17,0,34
BRDA:64,18,0,6
BRDA:68,19,0,4
BRDA:69,20,0,2
BRDA:72,21,0,3
BRDA:75,22,0,6
BRDA:75,23,0,15
BRDA:79,24,0,14
BRDA:84,25,0,2
BRF:26
BRH:26
end_of_record
